<?xml version="1.0" encoding="UTF-8"?>
<!-- Generated by org.testng.reporters.JUnitReportReporter -->
<testsuite hostname="LAPTOP-FR81P7PN" name="com.cucumber.testrunner.TestRunner" tests="1" failures="0" timestamp="30 Apr 2020 09:49:07 GMT" time="177.124" errors="0">
  <testcase name="feature" time="177.124" classname="com.cucumber.testrunner.TestRunner"/>
</testsuite> <!-- com.cucumber.testrunner.TestRunner -->
